<?xml version="1.0" encoding="UTF-8"?>
<!-- Generated by org.testng.reporters.JUnitReportReporter -->
<testsuite hostname="WS-LABPLUTO-04" failures="0" tests="1" name="TestCase1" time="12.477" errors="0" timestamp="2023-02-08T10:08:46 ICT" skipped="0">
  <testcase classname="TestCase1" name="firstTry" time="12.477"/>
  <system-out/>
</testsuite> <!-- TestCase1 -->
